mode: set
github.com/GabrielPaganMateo/awesome-api/main.go:13.13,15.44 2 0
github.com/GabrielPaganMateo/awesome-api/main.go:15.44,17.4 1 0
github.com/GabrielPaganMateo/awesome-api/main.go:18.3,21.58 2 0
github.com/GabrielPaganMateo/awesome-api/main.go:24.32,35.2 4 0
github.com/GabrielPaganMateo/awesome-api/main.go:37.65,45.2 2 0
github.com/GabrielPaganMateo/awesome-api/main.go:47.59,55.26 4 1
github.com/GabrielPaganMateo/awesome-api/main.go:56.9,64.11 5 1
github.com/GabrielPaganMateo/awesome-api/main.go:65.9,67.23 1 1
github.com/GabrielPaganMateo/awesome-api/main.go:68.10,70.23 1 1
github.com/GabrielPaganMateo/awesome-api/main.go:75.2,75.16 1 1
github.com/GabrielPaganMateo/awesome-api/main.go:75.16,77.3 1 1
github.com/GabrielPaganMateo/awesome-api/main.go:80.3,80.17 1 1
github.com/GabrielPaganMateo/awesome-api/main.go:80.17,83.4 2 0
github.com/GabrielPaganMateo/awesome-api/main.go:85.3,85.22 1 1
github.com/GabrielPaganMateo/awesome-api/main.go:85.22,88.4 2 1
github.com/GabrielPaganMateo/awesome-api/main.go:91.3,94.57 2 1
