mode: set
github.com/GabrielPaganMateo/awesome-api/main.go:13.13,15.44 2 0
github.com/GabrielPaganMateo/awesome-api/main.go:15.44,17.4 1 0
github.com/GabrielPaganMateo/awesome-api/main.go:18.3,21.58 2 0
github.com/GabrielPaganMateo/awesome-api/main.go:24.32,35.2 4 1
github.com/GabrielPaganMateo/awesome-api/main.go:37.65,45.2 2 1
github.com/GabrielPaganMateo/awesome-api/main.go:47.59,55.26 4 1
github.com/GabrielPaganMateo/awesome-api/main.go:56.9,58.17 1 1
github.com/GabrielPaganMateo/awesome-api/main.go:59.9,61.23 1 1
github.com/GabrielPaganMateo/awesome-api/main.go:62.10,64.39 1 1
github.com/GabrielPaganMateo/awesome-api/main.go:69.3,69.17 1 1
github.com/GabrielPaganMateo/awesome-api/main.go:69.17,72.4 2 1
github.com/GabrielPaganMateo/awesome-api/main.go:75.3,78.57 2 1
